<?xml version="1.0" encoding="UTF-8"?>
<!-- Generated by org.testng.reporters.JUnitXMLReporter -->
<testsuite ignored="2" hostname="HP-PAVILLION" failures="1" tests="17" name="Smoke_Test" time="67.148" errors="0" timestamp="2021-03-18T17:16:29 IST">
  <testcase classname="Tests.TS_HolidayHome" name="TC_EnterCity" time="17.198"/>
  <testcase classname="Tests.TS_HolidayHome" name="TC_VerifyCity" time="0.038"/>
  <testcase classname="Tests.TS_HolidayHome" name="TC_SelectCity" time="2.72"/>
  <testcase classname="Tests.TS_HolidayHome" name="TC_ClickHolidayHomes" time="16.062"/>
  <testcase classname="Tests.TS_HolidayHome" name="TC_InDate" time="2.129"/>
  <testcase classname="Tests.TS_HolidayHome" name="TC_SelectCheckIn" time="1.865"/>
  <testcase classname="Tests.TS_HolidayHome" name="TC_SelectCheckOut" time="1.809"/>
  <testcase classname="Tests.TS_HolidayHome" name="TC_GuestOption" time="0.238"/>
  <testcase classname="Tests.TS_HolidayHome" name="TC_ClickApply" time="1.473"/>
  <testcase classname="Tests.TS_HolidayHome" name="TC_TravellerRating" time="3.14">
    <failure type="org.openqa.selenium.ElementClickInterceptedException" message="element click intercepted: Element &amp;lt;div class=&amp;quot;ollHTlS0&amp;quot;&amp;gt;...&amp;lt;/div&amp;gt; is not clickable at point (1272, 349). Other element would receive the click: &amp;lt;div class=&amp;quot;_3Sb-DGhT undefined&amp;quot;&amp;gt;...&amp;lt;/div&amp;gt;
  (Session info: chrome=89.0.4389.90)
Build info: version: &amp;apos;3.141.59&amp;apos;, revision: &amp;apos;e82be7d358&amp;apos;, time: &amp;apos;2018-11-14T08:17:03&amp;apos;
System info: host: &amp;apos;HP-PAVILLION&amp;apos;, ip: &amp;apos;192.168.43.110&amp;apos;, os.name: &amp;apos;Windows 10&amp;apos;, os.arch: &amp;apos;amd64&amp;apos;, os.version: &amp;apos;10.0&amp;apos;, java.version: &amp;apos;15.0.1&amp;apos;
Driver info: org.openqa.selenium.chrome.ChromeDriver
Capabilities {acceptInsecureCerts: false, browserName: chrome, browserVersion: 89.0.4389.90, chrome: {chromedriverVersion: 89.0.4389.23 (61b08ee2c5002..., userDataDir: C:\Users\HP\AppData\Local\T...}, goog:chromeOptions: {debuggerAddress: localhost:59150}, javascriptEnabled: true, networkConnectionEnabled: false, pageLoadStrategy: normal, platform: WINDOWS, platformName: WINDOWS, proxy: Proxy(), setWindowRect: true, strictFileInteractability: false, timeouts: {implicit: 0, pageLoad: 300000, script: 30000}, unhandledPromptBehavior: dismiss and notify, webauthn:extension:largeBlob: true, webauthn:virtualAuthenticators: true}
Session ID: 3094db5b3dee7ce88945784259afd104">
      <![CDATA[org.openqa.selenium.ElementClickInterceptedException: element click intercepted: Element <div class="ollHTlS0">...</div> is not clickable at point (1272, 349). Other element would receive the click: <div class="_3Sb-DGhT undefined">...</div>
  (Session info: chrome=89.0.4389.90)
Build info: version: '3.141.59', revision: 'e82be7d358', time: '2018-11-14T08:17:03'
System info: host: 'HP-PAVILLION', ip: '192.168.43.110', os.name: 'Windows 10', os.arch: 'amd64', os.version: '10.0', java.version: '15.0.1'
Driver info: org.openqa.selenium.chrome.ChromeDriver
Capabilities {acceptInsecureCerts: false, browserName: chrome, browserVersion: 89.0.4389.90, chrome: {chromedriverVersion: 89.0.4389.23 (61b08ee2c5002..., userDataDir: C:\Users\HP\AppData\Local\T...}, goog:chromeOptions: {debuggerAddress: localhost:59150}, javascriptEnabled: true, networkConnectionEnabled: false, pageLoadStrategy: normal, platform: WINDOWS, platformName: WINDOWS, proxy: Proxy(), setWindowRect: true, strictFileInteractability: false, timeouts: {implicit: 0, pageLoad: 300000, script: 30000}, unhandledPromptBehavior: dismiss and notify, webauthn:extension:largeBlob: true, webauthn:virtualAuthenticators: true}
Session ID: 3094db5b3dee7ce88945784259afd104
at org.openqa.selenium.remote.http.W3CHttpResponseCodec.createException(W3CHttpResponseCodec.java:187)
at org.openqa.selenium.remote.http.W3CHttpResponseCodec.decode(W3CHttpResponseCodec.java:122)
at org.openqa.selenium.remote.http.W3CHttpResponseCodec.decode(W3CHttpResponseCodec.java:49)
at org.openqa.selenium.remote.HttpCommandExecutor.execute(HttpCommandExecutor.java:158)
at org.openqa.selenium.remote.service.DriverCommandExecutor.execute(DriverCommandExecutor.java:83)
at org.openqa.selenium.remote.RemoteWebDriver.execute(RemoteWebDriver.java:552)
at org.openqa.selenium.remote.RemoteWebElement.execute(RemoteWebElement.java:285)
at org.openqa.selenium.remote.RemoteWebElement.click(RemoteWebElement.java:84)
at pages.HolidayHome.travellerRating(HolidayHome.java:416)
at Tests.TS_HolidayHome.TC_TravellerRating(TS_HolidayHome.java:74)
at java.base/java.util.ArrayList.forEach(ArrayList.java:1511)
... Removed 36 stack frames]]>
    </failure>
  </testcase> <!-- TC_TravellerRating -->
  <testcase classname="Tests.TS_HolidayHome" name="TC_Elevator" time="1.665"/>
  <testcase classname="Tests.TS_HolidayHome" name="TC_PrintOutput" time="0.441"/>
  <testcase classname="Tests.TS_Cruise" name="TC_ClickCruise" time="8.257"/>
  <testcase classname="Tests.TS_Cruise" name="TC_CruiseType" time="2.763"/>
  <testcase classname="Tests.TS_Cruise" name="TC_SelectCruiseVar" time="2.738"/>
  <testcase classname="Tests.TS_Cruise" name="TC_ClickSub" time="0.615"/>
  <testcase classname="Tests.TS_Cruise" name="TC_GetDetails" time="3.96"/>
  <testcase classname="Tests.Main" name="@AfterSuite exitBrowser" time="0.0">
    <ignored/>
  </testcase> <!-- @AfterSuite exitBrowser -->
  <testcase classname="Tests.Main" name="@BeforeSuite startTest" time="0.0">
    <ignored/>
  </testcase> <!-- @BeforeSuite startTest -->
</testsuite> <!-- Smoke_Test -->
